<?xml version="1.0" encoding="UTF-8"?>
<testng-results skipped="0" failed="0" total="1" passed="1">
  <reporter-output>
  </reporter-output>
  <suite name="Default suite" duration-ms="20517" started-at="2016-04-11T16:53:23Z" finished-at="2016-04-11T16:53:44Z">
    <groups>
    </groups>
    <test name="Default test" duration-ms="20517" started-at="2016-04-11T16:53:23Z" finished-at="2016-04-11T16:53:44Z">
      <class name="com.medialets.CISauceDemo.CorrectPageTest">
        <test-method status="PASS" signature="verifyHomePageTitle()[pri:0, instance:com.medialets.CISauceDemo.CorrectPageTest@23ceabc1]" name="verifyHomePageTitle" duration-ms="20502" started-at="2016-04-11T12:53:23Z" finished-at="2016-04-11T12:53:44Z">
          <reporter-output>
          </reporter-output>
        </test-method> <!-- verifyHomePageTitle -->
      </class> <!-- com.medialets.CISauceDemo.CorrectPageTest -->
    </test> <!-- Default test -->
  </suite> <!-- Default suite -->
</testng-results>
